<?xml version="1.0" encoding="UTF-8"?>
<!-- Generated by org.testng.reporters.JUnitXMLReporter -->
<testsuite ignored="0" hostname="santhoshkumar" failures="1" tests="2" name="register test cases" time="97.929" errors="0" timestamp="2026-05-07T23:32:39 IST">
  <testcase classname="testCases.SignUpTestCases" name="signUp" time="50.151"/>
  <testcase classname="testCases.RegisterUserTestCase" name="accountInfo" time="43.64">
    <failure type="java.lang.AssertionError" message="expected [true] but found [false]">
      <![CDATA[java.lang.AssertionError: expected [true] but found [false]
at testPages.AccountInformationPage.AccountInformationsFunctions(AccountInformationPage.java:135)
at testCases.RegisterUserTestCase.accountInfo(RegisterUserTestCase.java:26)
at java.base/java.util.ArrayList.forEach(ArrayList.java:1596)
... Removed 29 stack frames]]>
    </failure>
  </testcase> <!-- accountInfo -->
</testsuite> <!-- register test cases -->
