<?xml version="1.0" encoding="UTF-8"?>
<!-- Generated by org.testng.reporters.JUnitXMLReporter -->
<testsuite ignored="0" hostname="santhoshkumar" failures="0" tests="4" name="Default test" time="69.217" errors="0" timestamp="2026-05-08T12:02:54 IST">
  <testcase classname="testCases.RegistrationFormTescases" name="regFormFunctions" time="6.757"/>
  <testcase classname="testCases.RegistrationFormTescases" name="regFormFunctions" time="7.816"/>
  <testcase classname="testCases.RegistrationFormTescases" name="regFormFunctions" time="11.44"/>
  <testcase classname="testCases.RegistrationFormTescases" name="regFormFunctions" time="8.056"/>
</testsuite> <!-- Default test -->
