<?xml version="1.0" encoding="UTF-8"?>
<!-- Generated by org.testng.reporters.JUnitXMLReporter -->
<testsuite ignored="0" hostname="santhoshkumar" failures="2" tests="2" name="Default test" time="1.842" errors="0" timestamp="2026-05-28T21:54:38 IST">
  <testcase classname="io.cucumber.testng.AbstractTestNGCucumberTests" name="runScenario" time="0.289">
    <failure type="io.cucumber.testng.UndefinedStepException" message="The step &amp;apos;user gets data using &amp;quot;TC_01&amp;quot;&amp;apos; is undefined.
You can implement this step using the snippet(s) below:

@When(&amp;quot;user gets data using {string}&amp;quot;)
public void user_gets_data_using(String string) {
    // Write code here that turns the phrase above into concrete actions
    throw new io.cucumber.java.PendingException();
}
">
      <![CDATA[io.cucumber.testng.UndefinedStepException: The step 'user gets data using "TC_01"' is undefined.
You can implement this step using the snippet(s) below:

@When("user gets data using {string}")
public void user_gets_data_using(String string) {
    // Write code here that turns the phrase above into concrete actions
    throw new io.cucumber.java.PendingException();
}

at ✽.user gets data using "TC_01"(file:///D:/eclipse-workspace/vinothqaacademy/src/test/resources/features/regformfill.feature:5)
]]>
    </failure>
  </testcase> <!-- runScenario -->
  <testcase classname="io.cucumber.testng.AbstractTestNGCucumberTests" name="runScenario" time="0.024">
    <failure type="io.cucumber.testng.UndefinedStepException" message="The step &amp;apos;user gets data using &amp;quot;TC_02&amp;quot;&amp;apos; is undefined.
You can implement this step using the snippet(s) below:

@When(&amp;quot;user gets data using {string}&amp;quot;)
public void user_gets_data_using(String string) {
    // Write code here that turns the phrase above into concrete actions
    throw new io.cucumber.java.PendingException();
}
">
      <![CDATA[io.cucumber.testng.UndefinedStepException: The step 'user gets data using "TC_02"' is undefined.
You can implement this step using the snippet(s) below:

@When("user gets data using {string}")
public void user_gets_data_using(String string) {
    // Write code here that turns the phrase above into concrete actions
    throw new io.cucumber.java.PendingException();
}

at ✽.user gets data using "TC_02"(file:///D:/eclipse-workspace/vinothqaacademy/src/test/resources/features/regformfill.feature:5)
]]>
    </failure>
  </testcase> <!-- runScenario -->
</testsuite> <!-- Default test -->
