<?xml version="1.0" encoding="UTF-8"?>
<!-- Generated by org.testng.reporters.JUnitXMLReporter -->
<testsuite ignored="0" hostname="santhoshkumar" failures="1" tests="4" name="REGFORM TEST CASES" time="53.8" errors="0" timestamp="2026-05-13T18:24:44 IST">
  <testcase classname="testCases.RegistrationFormTescases" name="regFormFunctions" time="4.418">
    <skipped/>
  </testcase> <!-- regFormFunctions -->
  <testcase classname="testCases.RegistrationFormTescases" name="regFormFunctions" time="8.537">
    <skipped/>
  </testcase> <!-- regFormFunctions -->
  <testcase classname="testCases.RegistrationFormTescases" name="regFormFunctions" time="5.947">
    <skipped/>
  </testcase> <!-- regFormFunctions -->
  <testcase classname="testCases.RegistrationFormTescases" name="regFormFunctions" time="5.82">
    <failure type="java.lang.AssertionError" message="null">
      <![CDATA[java.lang.AssertionError: null
at testPages.RegisterFormPage.registerForm(RegisterFormPage.java:132)
at testCases.RegistrationFormTescases.regFormFunctions(RegistrationFormTescases.java:28)
at java.base/java.util.ArrayList.forEach(ArrayList.java:1511)
... Removed 29 stack frames]]>
    </failure>
  </testcase> <!-- regFormFunctions -->
</testsuite> <!-- REGFORM TEST CASES -->
