<?xml version="1.0" encoding="UTF-8"?>
<!-- Generated by org.testng.reporters.JUnitXMLReporter -->
<testsuite ignored="0" hostname="santhoshkumar" failures="0" tests="7" name="PATIENT TEST CASES" time="62.656" errors="0" timestamp="2026-05-23T00:42:25 IST">
  <testcase classname="testCases.PatientFormTestcases" name="healthCareActions" time="4.073"/>
  <testcase classname="testCases.PatientFormTestcases" name="healthCareActions" time="2.97"/>
  <testcase classname="testCases.PatientFormTestcases" name="healthCareActions" time="1.436"/>
  <testcase classname="testCases.PatientFormTestcases" name="healthCareActions" time="1.332"/>
  <testcase classname="testCases.PatientFormTestcases" name="healthCareActions" time="1.53"/>
  <testcase classname="testCases.PatientFormTestcases" name="healthCareActions" time="1.55"/>
  <testcase classname="testCases.PatientFormTestcases" name="healthCareActions" time="1.54"/>
</testsuite> <!-- PATIENT TEST CASES -->
