<?xml version="1.0" encoding="UTF-8"?>
<!-- Generated by org.testng.reporters.JUnitXMLReporter -->
<testsuite ignored="0" hostname="santhoshkumar" failures="4" tests="7" name="firefox test cases" time="58.478" errors="0" timestamp="2026-06-08T08:02:46 IST">
  <testcase classname="testCases.PatientFormTestcases" name="healthCareActions" time="1.674">
    <failure type="org.openqa.selenium.ElementClickInterceptedException" message="element click intercepted: Element is not clickable at point (175, 587)
  (Session info: chrome=149.0.7827.53)
Build info: version: &amp;apos;4.41.0&amp;apos;, revision: &amp;apos;9fc754f&amp;apos;
System info: os.name: &amp;apos;Windows 10&amp;apos;, os.arch: &amp;apos;amd64&amp;apos;, os.version: &amp;apos;10.0&amp;apos;, java.version: &amp;apos;17.0.18&amp;apos;
Driver info: org.openqa.selenium.chrome.ChromeDriver
Command: [0ee1feca8e1fc8ef8db6ebb908fe5524, clickElement {id=f.16B3515010B6D8E8A622428148ABEF57.d.A0C143B1323142B3E90A6948840A592D.e.86}]
Capabilities {acceptInsecureCerts: false, browserName: chrome, browserVersion: 149.0.7827.53, chrome: {chromedriverVersion: 149.0.7827.54 (42ce21f112d0..., userDataDir: C:\Users\santhosh\AppData\L...}, fedcm:accounts: true, goog:chromeOptions: {debuggerAddress: localhost:62265}, goog:processID: 25392, networkConnectionEnabled: false, pageLoadStrategy: normal, platformName: windows, proxy: Proxy(), se:cdp: ws://localhost:62265/devtoo..., se:cdpVersion: 149.0.7827.53, setWindowRect: true, strictFileInteractability: false, timeouts: {implicit: 0, pageLoad: 300000, script: 30000}, unhandledPromptBehavior: dismiss and notify, webauthn:extension:credBlob: true, webauthn:extension:largeBlob: true, webauthn:extension:minPinLength: true, webauthn:extension:prf: true, webauthn:virtualAuthenticators: true}
Element: [[ChromeDriver: chrome on windows (0ee1feca8e1fc8ef8db6ebb908fe5524)] -&amp;gt; xpath: //button[contains(text(),&amp;apos;Submit&amp;apos;)]]
Session ID: 0ee1feca8e1fc8ef8db6ebb908fe5524">
      <![CDATA[org.openqa.selenium.ElementClickInterceptedException: element click intercepted: Element is not clickable at point (175, 587)
  (Session info: chrome=149.0.7827.53)
Build info: version: '4.41.0', revision: '9fc754f'
System info: os.name: 'Windows 10', os.arch: 'amd64', os.version: '10.0', java.version: '17.0.18'
Driver info: org.openqa.selenium.chrome.ChromeDriver
Command: [0ee1feca8e1fc8ef8db6ebb908fe5524, clickElement {id=f.16B3515010B6D8E8A622428148ABEF57.d.A0C143B1323142B3E90A6948840A592D.e.86}]
Capabilities {acceptInsecureCerts: false, browserName: chrome, browserVersion: 149.0.7827.53, chrome: {chromedriverVersion: 149.0.7827.54 (42ce21f112d0..., userDataDir: C:\Users\santhosh\AppData\L...}, fedcm:accounts: true, goog:chromeOptions: {debuggerAddress: localhost:62265}, goog:processID: 25392, networkConnectionEnabled: false, pageLoadStrategy: normal, platformName: windows, proxy: Proxy(), se:cdp: ws://localhost:62265/devtoo..., se:cdpVersion: 149.0.7827.53, setWindowRect: true, strictFileInteractability: false, timeouts: {implicit: 0, pageLoad: 300000, script: 30000}, unhandledPromptBehavior: dismiss and notify, webauthn:extension:credBlob: true, webauthn:extension:largeBlob: true, webauthn:extension:minPinLength: true, webauthn:extension:prf: true, webauthn:virtualAuthenticators: true}
Element: [[ChromeDriver: chrome on windows (0ee1feca8e1fc8ef8db6ebb908fe5524)] -> xpath: //button[contains(text(),'Submit')]]
Session ID: 0ee1feca8e1fc8ef8db6ebb908fe5524
at org.openqa.selenium.remote.ErrorCodec.decode(ErrorCodec.java:169)
at org.openqa.selenium.remote.codec.w3c.W3CHttpResponseCodec.decode(W3CHttpResponseCodec.java:142)
at org.openqa.selenium.remote.codec.w3c.W3CHttpResponseCodec.decode(W3CHttpResponseCodec.java:49)
at org.openqa.selenium.remote.HttpCommandExecutor.execute(HttpCommandExecutor.java:223)
at org.openqa.selenium.remote.service.DriverCommandExecutor.invokeExecute(DriverCommandExecutor.java:216)
at org.openqa.selenium.remote.service.DriverCommandExecutor.execute(DriverCommandExecutor.java:174)
at org.openqa.selenium.remote.RemoteWebDriver.execute(RemoteWebDriver.java:604)
at org.openqa.selenium.remote.RemoteWebElement.execute(RemoteWebElement.java:223)
at org.openqa.selenium.remote.RemoteWebElement.click(RemoteWebElement.java:76)
at basePackage.BaseClass.click(BaseClass.java:195)
at testPages.HealthCareDemo.submit(HealthCareDemo.java:44)
at testPages.HealthCareDemo.healthcareActions(HealthCareDemo.java:55)
at testCases.PatientFormTestcases.healthCareActions(PatientFormTestcases.java:27)
at java.base/java.util.ArrayList.forEach(ArrayList.java:1511)
... Removed 27 stack frames]]>
    </failure>
  </testcase> <!-- healthCareActions -->
  <testcase classname="testCases.PatientFormTestcases" name="healthCareActions" time="0.8"/>
  <testcase classname="testCases.PatientFormTestcases" name="healthCareActions" time="1.822">
    <failure type="org.openqa.selenium.ElementClickInterceptedException" message="element click intercepted: Element is not clickable at point (175, 587)
  (Session info: chrome=149.0.7827.53)
Build info: version: &amp;apos;4.41.0&amp;apos;, revision: &amp;apos;9fc754f&amp;apos;
System info: os.name: &amp;apos;Windows 10&amp;apos;, os.arch: &amp;apos;amd64&amp;apos;, os.version: &amp;apos;10.0&amp;apos;, java.version: &amp;apos;17.0.18&amp;apos;
Driver info: org.openqa.selenium.chrome.ChromeDriver
Command: [097b503fe7a54ec6e9f37ee4ed0fe16c, clickElement {id=f.64AFC5DF5A0613707E919AC7CE7993E6.d.7A781BFC4406616F2E0420FFE229CA4E.e.83}]
Capabilities {acceptInsecureCerts: false, browserName: chrome, browserVersion: 149.0.7827.53, chrome: {chromedriverVersion: 149.0.7827.54 (42ce21f112d0..., userDataDir: C:\Users\santhosh\AppData\L...}, fedcm:accounts: true, goog:chromeOptions: {debuggerAddress: localhost:62312}, goog:processID: 23752, networkConnectionEnabled: false, pageLoadStrategy: normal, platformName: windows, proxy: Proxy(), se:cdp: ws://localhost:62312/devtoo..., se:cdpVersion: 149.0.7827.53, setWindowRect: true, strictFileInteractability: false, timeouts: {implicit: 0, pageLoad: 300000, script: 30000}, unhandledPromptBehavior: dismiss and notify, webauthn:extension:credBlob: true, webauthn:extension:largeBlob: true, webauthn:extension:minPinLength: true, webauthn:extension:prf: true, webauthn:virtualAuthenticators: true}
Element: [[ChromeDriver: chrome on windows (097b503fe7a54ec6e9f37ee4ed0fe16c)] -&amp;gt; xpath: //button[contains(text(),&amp;apos;Submit&amp;apos;)]]
Session ID: 097b503fe7a54ec6e9f37ee4ed0fe16c">
      <![CDATA[org.openqa.selenium.ElementClickInterceptedException: element click intercepted: Element is not clickable at point (175, 587)
  (Session info: chrome=149.0.7827.53)
Build info: version: '4.41.0', revision: '9fc754f'
System info: os.name: 'Windows 10', os.arch: 'amd64', os.version: '10.0', java.version: '17.0.18'
Driver info: org.openqa.selenium.chrome.ChromeDriver
Command: [097b503fe7a54ec6e9f37ee4ed0fe16c, clickElement {id=f.64AFC5DF5A0613707E919AC7CE7993E6.d.7A781BFC4406616F2E0420FFE229CA4E.e.83}]
Capabilities {acceptInsecureCerts: false, browserName: chrome, browserVersion: 149.0.7827.53, chrome: {chromedriverVersion: 149.0.7827.54 (42ce21f112d0..., userDataDir: C:\Users\santhosh\AppData\L...}, fedcm:accounts: true, goog:chromeOptions: {debuggerAddress: localhost:62312}, goog:processID: 23752, networkConnectionEnabled: false, pageLoadStrategy: normal, platformName: windows, proxy: Proxy(), se:cdp: ws://localhost:62312/devtoo..., se:cdpVersion: 149.0.7827.53, setWindowRect: true, strictFileInteractability: false, timeouts: {implicit: 0, pageLoad: 300000, script: 30000}, unhandledPromptBehavior: dismiss and notify, webauthn:extension:credBlob: true, webauthn:extension:largeBlob: true, webauthn:extension:minPinLength: true, webauthn:extension:prf: true, webauthn:virtualAuthenticators: true}
Element: [[ChromeDriver: chrome on windows (097b503fe7a54ec6e9f37ee4ed0fe16c)] -> xpath: //button[contains(text(),'Submit')]]
Session ID: 097b503fe7a54ec6e9f37ee4ed0fe16c
at org.openqa.selenium.remote.ErrorCodec.decode(ErrorCodec.java:169)
at org.openqa.selenium.remote.codec.w3c.W3CHttpResponseCodec.decode(W3CHttpResponseCodec.java:142)
at org.openqa.selenium.remote.codec.w3c.W3CHttpResponseCodec.decode(W3CHttpResponseCodec.java:49)
at org.openqa.selenium.remote.HttpCommandExecutor.execute(HttpCommandExecutor.java:223)
at org.openqa.selenium.remote.service.DriverCommandExecutor.invokeExecute(DriverCommandExecutor.java:216)
at org.openqa.selenium.remote.service.DriverCommandExecutor.execute(DriverCommandExecutor.java:174)
at org.openqa.selenium.remote.RemoteWebDriver.execute(RemoteWebDriver.java:604)
at org.openqa.selenium.remote.RemoteWebElement.execute(RemoteWebElement.java:223)
at org.openqa.selenium.remote.RemoteWebElement.click(RemoteWebElement.java:76)
at basePackage.BaseClass.click(BaseClass.java:195)
at testPages.HealthCareDemo.submit(HealthCareDemo.java:44)
at testPages.HealthCareDemo.healthcareActions(HealthCareDemo.java:55)
at testCases.PatientFormTestcases.healthCareActions(PatientFormTestcases.java:27)
at java.base/java.util.ArrayList.forEach(ArrayList.java:1511)
... Removed 27 stack frames]]>
    </failure>
  </testcase> <!-- healthCareActions -->
  <testcase classname="testCases.PatientFormTestcases" name="healthCareActions" time="0.845"/>
  <testcase classname="testCases.PatientFormTestcases" name="healthCareActions" time="0.844"/>
  <testcase classname="testCases.PatientFormTestcases" name="healthCareActions" time="1.664">
    <failure type="org.openqa.selenium.ElementClickInterceptedException" message="element click intercepted: Element is not clickable at point (175, 587)
  (Session info: chrome=149.0.7827.53)
Build info: version: &amp;apos;4.41.0&amp;apos;, revision: &amp;apos;9fc754f&amp;apos;
System info: os.name: &amp;apos;Windows 10&amp;apos;, os.arch: &amp;apos;amd64&amp;apos;, os.version: &amp;apos;10.0&amp;apos;, java.version: &amp;apos;17.0.18&amp;apos;
Driver info: org.openqa.selenium.chrome.ChromeDriver
Command: [e1461d45bc3a030e89623e1a7b644d2c, clickElement {id=f.203D0891D8451B94F3AA05EC7B35AF2D.d.E5A46021EA7769750E706DE51CADF244.e.88}]
Capabilities {acceptInsecureCerts: false, browserName: chrome, browserVersion: 149.0.7827.53, chrome: {chromedriverVersion: 149.0.7827.54 (42ce21f112d0..., userDataDir: C:\Users\santhosh\AppData\L...}, fedcm:accounts: true, goog:chromeOptions: {debuggerAddress: localhost:62386}, goog:processID: 20688, networkConnectionEnabled: false, pageLoadStrategy: normal, platformName: windows, proxy: Proxy(), se:cdp: ws://localhost:62386/devtoo..., se:cdpVersion: 149.0.7827.53, setWindowRect: true, strictFileInteractability: false, timeouts: {implicit: 0, pageLoad: 300000, script: 30000}, unhandledPromptBehavior: dismiss and notify, webauthn:extension:credBlob: true, webauthn:extension:largeBlob: true, webauthn:extension:minPinLength: true, webauthn:extension:prf: true, webauthn:virtualAuthenticators: true}
Element: [[ChromeDriver: chrome on windows (e1461d45bc3a030e89623e1a7b644d2c)] -&amp;gt; xpath: //button[contains(text(),&amp;apos;Submit&amp;apos;)]]
Session ID: e1461d45bc3a030e89623e1a7b644d2c">
      <![CDATA[org.openqa.selenium.ElementClickInterceptedException: element click intercepted: Element is not clickable at point (175, 587)
  (Session info: chrome=149.0.7827.53)
Build info: version: '4.41.0', revision: '9fc754f'
System info: os.name: 'Windows 10', os.arch: 'amd64', os.version: '10.0', java.version: '17.0.18'
Driver info: org.openqa.selenium.chrome.ChromeDriver
Command: [e1461d45bc3a030e89623e1a7b644d2c, clickElement {id=f.203D0891D8451B94F3AA05EC7B35AF2D.d.E5A46021EA7769750E706DE51CADF244.e.88}]
Capabilities {acceptInsecureCerts: false, browserName: chrome, browserVersion: 149.0.7827.53, chrome: {chromedriverVersion: 149.0.7827.54 (42ce21f112d0..., userDataDir: C:\Users\santhosh\AppData\L...}, fedcm:accounts: true, goog:chromeOptions: {debuggerAddress: localhost:62386}, goog:processID: 20688, networkConnectionEnabled: false, pageLoadStrategy: normal, platformName: windows, proxy: Proxy(), se:cdp: ws://localhost:62386/devtoo..., se:cdpVersion: 149.0.7827.53, setWindowRect: true, strictFileInteractability: false, timeouts: {implicit: 0, pageLoad: 300000, script: 30000}, unhandledPromptBehavior: dismiss and notify, webauthn:extension:credBlob: true, webauthn:extension:largeBlob: true, webauthn:extension:minPinLength: true, webauthn:extension:prf: true, webauthn:virtualAuthenticators: true}
Element: [[ChromeDriver: chrome on windows (e1461d45bc3a030e89623e1a7b644d2c)] -> xpath: //button[contains(text(),'Submit')]]
Session ID: e1461d45bc3a030e89623e1a7b644d2c
at org.openqa.selenium.remote.ErrorCodec.decode(ErrorCodec.java:169)
at org.openqa.selenium.remote.codec.w3c.W3CHttpResponseCodec.decode(W3CHttpResponseCodec.java:142)
at org.openqa.selenium.remote.codec.w3c.W3CHttpResponseCodec.decode(W3CHttpResponseCodec.java:49)
at org.openqa.selenium.remote.HttpCommandExecutor.execute(HttpCommandExecutor.java:223)
at org.openqa.selenium.remote.service.DriverCommandExecutor.invokeExecute(DriverCommandExecutor.java:216)
at org.openqa.selenium.remote.service.DriverCommandExecutor.execute(DriverCommandExecutor.java:174)
at org.openqa.selenium.remote.RemoteWebDriver.execute(RemoteWebDriver.java:604)
at org.openqa.selenium.remote.RemoteWebElement.execute(RemoteWebElement.java:223)
at org.openqa.selenium.remote.RemoteWebElement.click(RemoteWebElement.java:76)
at basePackage.BaseClass.click(BaseClass.java:195)
at testPages.HealthCareDemo.submit(HealthCareDemo.java:44)
at testPages.HealthCareDemo.healthcareActions(HealthCareDemo.java:55)
at testCases.PatientFormTestcases.healthCareActions(PatientFormTestcases.java:27)
at java.base/java.util.ArrayList.forEach(ArrayList.java:1511)
... Removed 27 stack frames]]>
    </failure>
  </testcase> <!-- healthCareActions -->
  <testcase classname="testCases.PatientFormTestcases" name="healthCareActions" time="1.797">
    <failure type="org.openqa.selenium.ElementClickInterceptedException" message="element click intercepted: Element is not clickable at point (175, 591)
  (Session info: chrome=149.0.7827.53)
Build info: version: &amp;apos;4.41.0&amp;apos;, revision: &amp;apos;9fc754f&amp;apos;
System info: os.name: &amp;apos;Windows 10&amp;apos;, os.arch: &amp;apos;amd64&amp;apos;, os.version: &amp;apos;10.0&amp;apos;, java.version: &amp;apos;17.0.18&amp;apos;
Driver info: org.openqa.selenium.chrome.ChromeDriver
Command: [dc888b998b2b3629879a748422e88035, clickElement {id=f.9D8AE44CD3D0CE04AD9F89C4AB84EE05.d.366CA0B7892C6D8796F15C688938947F.e.87}]
Capabilities {acceptInsecureCerts: false, browserName: chrome, browserVersion: 149.0.7827.53, chrome: {chromedriverVersion: 149.0.7827.54 (42ce21f112d0..., userDataDir: C:\Users\santhosh\AppData\L...}, fedcm:accounts: true, goog:chromeOptions: {debuggerAddress: localhost:62409}, goog:processID: 22044, networkConnectionEnabled: false, pageLoadStrategy: normal, platformName: windows, proxy: Proxy(), se:cdp: ws://localhost:62409/devtoo..., se:cdpVersion: 149.0.7827.53, setWindowRect: true, strictFileInteractability: false, timeouts: {implicit: 0, pageLoad: 300000, script: 30000}, unhandledPromptBehavior: dismiss and notify, webauthn:extension:credBlob: true, webauthn:extension:largeBlob: true, webauthn:extension:minPinLength: true, webauthn:extension:prf: true, webauthn:virtualAuthenticators: true}
Element: [[ChromeDriver: chrome on windows (dc888b998b2b3629879a748422e88035)] -&amp;gt; xpath: //button[contains(text(),&amp;apos;Submit&amp;apos;)]]
Session ID: dc888b998b2b3629879a748422e88035">
      <![CDATA[org.openqa.selenium.ElementClickInterceptedException: element click intercepted: Element is not clickable at point (175, 591)
  (Session info: chrome=149.0.7827.53)
Build info: version: '4.41.0', revision: '9fc754f'
System info: os.name: 'Windows 10', os.arch: 'amd64', os.version: '10.0', java.version: '17.0.18'
Driver info: org.openqa.selenium.chrome.ChromeDriver
Command: [dc888b998b2b3629879a748422e88035, clickElement {id=f.9D8AE44CD3D0CE04AD9F89C4AB84EE05.d.366CA0B7892C6D8796F15C688938947F.e.87}]
Capabilities {acceptInsecureCerts: false, browserName: chrome, browserVersion: 149.0.7827.53, chrome: {chromedriverVersion: 149.0.7827.54 (42ce21f112d0..., userDataDir: C:\Users\santhosh\AppData\L...}, fedcm:accounts: true, goog:chromeOptions: {debuggerAddress: localhost:62409}, goog:processID: 22044, networkConnectionEnabled: false, pageLoadStrategy: normal, platformName: windows, proxy: Proxy(), se:cdp: ws://localhost:62409/devtoo..., se:cdpVersion: 149.0.7827.53, setWindowRect: true, strictFileInteractability: false, timeouts: {implicit: 0, pageLoad: 300000, script: 30000}, unhandledPromptBehavior: dismiss and notify, webauthn:extension:credBlob: true, webauthn:extension:largeBlob: true, webauthn:extension:minPinLength: true, webauthn:extension:prf: true, webauthn:virtualAuthenticators: true}
Element: [[ChromeDriver: chrome on windows (dc888b998b2b3629879a748422e88035)] -> xpath: //button[contains(text(),'Submit')]]
Session ID: dc888b998b2b3629879a748422e88035
at org.openqa.selenium.remote.ErrorCodec.decode(ErrorCodec.java:169)
at org.openqa.selenium.remote.codec.w3c.W3CHttpResponseCodec.decode(W3CHttpResponseCodec.java:142)
at org.openqa.selenium.remote.codec.w3c.W3CHttpResponseCodec.decode(W3CHttpResponseCodec.java:49)
at org.openqa.selenium.remote.HttpCommandExecutor.execute(HttpCommandExecutor.java:223)
at org.openqa.selenium.remote.service.DriverCommandExecutor.invokeExecute(DriverCommandExecutor.java:216)
at org.openqa.selenium.remote.service.DriverCommandExecutor.execute(DriverCommandExecutor.java:174)
at org.openqa.selenium.remote.RemoteWebDriver.execute(RemoteWebDriver.java:604)
at org.openqa.selenium.remote.RemoteWebElement.execute(RemoteWebElement.java:223)
at org.openqa.selenium.remote.RemoteWebElement.click(RemoteWebElement.java:76)
at basePackage.BaseClass.click(BaseClass.java:195)
at testPages.HealthCareDemo.submit(HealthCareDemo.java:44)
at testPages.HealthCareDemo.healthcareActions(HealthCareDemo.java:55)
at testCases.PatientFormTestcases.healthCareActions(PatientFormTestcases.java:27)
at java.base/java.util.ArrayList.forEach(ArrayList.java:1511)
... Removed 27 stack frames]]>
    </failure>
  </testcase> <!-- healthCareActions -->
</testsuite> <!-- firefox test cases -->
