<?xml version="1.0" encoding="UTF-8"?>
<testng-results ignored="0" total="1" passed="1" failed="0" skipped="0">
  <reporter-output>
  </reporter-output>
  <suite started-at="2026-05-13T12:28:19 IST" name="REGISTRATION FORM SUITE" finished-at="2026-05-13T12:28:36 IST" duration-ms="17066">
    <groups>
    </groups>
    <test started-at="2026-05-13T12:28:19 IST" name="REGFORM TEST CASES" finished-at="2026-05-13T12:28:36 IST" duration-ms="17066">
      <class name="testCases.RegistrationFormTescases">
        <test-method is-config="true" signature="launchBrowser()[pri:0, instance:testCases.RegistrationFormTescases@3af9c5b7]" started-at="2026-05-13T12:28:22 IST" name="launchBrowser" finished-at="2026-05-13T12:28:32 IST" duration-ms="10302" status="PASS">
          <reporter-output>
          </reporter-output>
        </test-method> <!-- launchBrowser -->
        <test-method signature="regFormFunctions(java.lang.String,java.lang.String,java.lang.String,java.lang.String,java.lang.String)[pri:1, instance:testCases.RegistrationFormTescases@3af9c5b7]" started-at="2026-05-13T12:28:32 IST" name="regFormFunctions" data-provider="regform" finished-at="2026-05-13T12:28:36 IST" duration-ms="3599" status="PASS">
          <params>
            <param index="0">
              <value>
                <![CDATA[santhoshkumar]]>
              </value>
            </param>
            <param index="1">
              <value>
                <![CDATA[m]]>
              </value>
            </param>
            <param index="2">
              <value>
                <![CDATA[50]]>
              </value>
            </param>
            <param index="3">
              <value>
                <![CDATA[h s duraisamy]]>
              </value>
            </param>
            <param index="4">
              <value>
                <![CDATA[santhoh@medd.com]]>
              </value>
            </param>
          </params>
          <reporter-output>
          </reporter-output>
        </test-method> <!-- regFormFunctions -->
      </class> <!-- testCases.RegistrationFormTescases -->
    </test> <!-- REGFORM TEST CASES -->
  </suite> <!-- REGISTRATION FORM SUITE -->
</testng-results>
