<?xml version="1.0" encoding="UTF-8"?>
<testng-results ignored="0" total="2" passed="0" failed="2" skipped="0">
  <reporter-output>
  </reporter-output>
  <suite started-at="2026-05-28T15:29:46 IST" name="Default suite" finished-at="2026-05-28T15:29:48 IST" duration-ms="1675">
    <groups>
      <group name="cucumber">
        <method signature="AbstractTestNGCucumberTests.runScenario(io.cucumber.testng.PickleWrapper,io.cucumber.testng.FeatureWrapper)[pri:0, instance:Runners.TestRunner@26b3fd41]" name="runScenario" class="io.cucumber.testng.AbstractTestNGCucumberTests"/>
      </group> <!-- cucumber -->
    </groups>
    <test started-at="2026-05-28T15:29:46 IST" name="Default test" finished-at="2026-05-28T15:29:48 IST" duration-ms="1675">
      <class name="Runners.TestRunner">
        <test-method is-config="true" signature="setUpClass(org.testng.ITestContext)[pri:0, instance:Runners.TestRunner@26b3fd41]" started-at="2026-05-28T15:29:46 IST" name="setUpClass" finished-at="2026-05-28T15:29:48 IST" duration-ms="1157" status="PASS">
          <params>
            <param index="0">
              <value>
                <![CDATA[org.testng.TestRunner@5fd9b663]]>
              </value>
            </param>
          </params>
          <reporter-output>
          </reporter-output>
        </test-method> <!-- setUpClass -->
        <test-method signature="runScenario(io.cucumber.testng.PickleWrapper,io.cucumber.testng.FeatureWrapper)[pri:0, instance:Runners.TestRunner@26b3fd41]" started-at="2026-05-28T15:29:48 IST" name="runScenario" description="Runs Cucumber Scenarios" data-provider="scenarios" finished-at="2026-05-28T15:29:48 IST" duration-ms="330" status="FAIL">
          <params>
            <param index="0">
              <value>
                <![CDATA["Fill the form using excel sheet"]]>
              </value>
            </param>
            <param index="1">
              <value>
                <![CDATA["Check the registration form"]]>
              </value>
            </param>
          </params>
          <exception class="java.lang.Error">
            <message>
              <![CDATA[Unresolved compilation problem: 
The method get() in the type ThreadLocal<WebDriver> is not applicable for the arguments (String)
]]>
            </message>
            <full-stacktrace>
              <![CDATA[java.lang.Error: Unresolved compilation problem: 
The method get() in the type ThreadLocal<WebDriver> is not applicable for the arguments (String)

at basePackage.BaseClass.init(BaseClass.java:52)
at stepDefinitions.RegformUsingDB.launchBrowser(RegformUsingDB.java:34)
at ✽.user launches the url(file:///D:/eclipse-workspace/vinothqaacademy/src/test/resources/features/regformfill.feature:4)
]]>
            </full-stacktrace>
          </exception> <!-- java.lang.Error -->
          <reporter-output>
          </reporter-output>
        </test-method> <!-- runScenario -->
        <test-method signature="runScenario(io.cucumber.testng.PickleWrapper,io.cucumber.testng.FeatureWrapper)[pri:0, instance:Runners.TestRunner@26b3fd41]" started-at="2026-05-28T15:29:48 IST" name="runScenario" description="Runs Cucumber Scenarios" data-provider="scenarios" finished-at="2026-05-28T15:29:48 IST" duration-ms="35" status="FAIL">
          <params>
            <param index="0">
              <value>
                <![CDATA["Fill the form using excel sheet"]]>
              </value>
            </param>
            <param index="1">
              <value>
                <![CDATA["Check the registration form"]]>
              </value>
            </param>
          </params>
          <exception class="java.lang.Error">
            <message>
              <![CDATA[Unresolved compilation problem: 
The method get() in the type ThreadLocal<WebDriver> is not applicable for the arguments (String)
]]>
            </message>
            <full-stacktrace>
              <![CDATA[java.lang.Error: Unresolved compilation problem: 
The method get() in the type ThreadLocal<WebDriver> is not applicable for the arguments (String)

at basePackage.BaseClass.init(BaseClass.java:52)
at stepDefinitions.RegformUsingDB.launchBrowser(RegformUsingDB.java:34)
at ✽.user launches the url(file:///D:/eclipse-workspace/vinothqaacademy/src/test/resources/features/regformfill.feature:4)
]]>
            </full-stacktrace>
          </exception> <!-- java.lang.Error -->
          <reporter-output>
          </reporter-output>
        </test-method> <!-- runScenario -->
        <test-method is-config="true" signature="tearDownClass()[pri:0, instance:Runners.TestRunner@26b3fd41]" started-at="2026-05-28T15:29:48 IST" name="tearDownClass" finished-at="2026-05-28T15:29:48 IST" duration-ms="60" status="PASS">
          <reporter-output>
          </reporter-output>
        </test-method> <!-- tearDownClass -->
      </class> <!-- Runners.TestRunner -->
    </test> <!-- Default test -->
  </suite> <!-- Default suite -->
</testng-results>
