<?xml version="1.0" encoding="UTF-8"?>
<!-- Generated by org.testng.reporters.JUnitReportReporter -->
<testsuite hostname="santhoshkumar" failures="0" tests="2" name="testCases.RegistrationFormTescases" time="29.165" errors="0" timestamp="2026-05-22T21:52:44 IST" skipped="0">
  <testcase classname="testCases.RegistrationFormTescases" name="regFormFunctions" time="15.500"/>
  <testcase classname="testCases.RegistrationFormTescases" name="regFormFunctions" time="13.665"/>
</testsuite> <!-- testCases.RegistrationFormTescases -->
