<?xml version="1.0" encoding="UTF-8"?>
<!-- Generated by org.testng.reporters.JUnitReportReporter -->
<testsuite hostname="santhoshkumar" failures="0" tests="2" name="Runners.TestRunner" time="0.313" errors="2" timestamp="2026-05-28T21:54:39 IST" skipped="0">
  <testcase classname="Runners.TestRunner" name="runScenario" time="0.289">
    <error message="The step &#039;user gets data using &quot;TC_01&quot;&#039; is undefined.
You can implement this step using the snippet(s) below:

@When(&quot;user gets data using {string}&quot;)
public void user_gets_data_using(String string) {
    // Write code here that turns the phrase above into concrete actions
    throw new io.cucumber.java.PendingException();
}
" type="io.cucumber.testng.UndefinedStepException">
      <![CDATA[io.cucumber.testng.UndefinedStepException: The step 'user gets data using "TC_01"' is undefined.
You can implement this step using the snippet(s) below:

@When("user gets data using {string}")
public void user_gets_data_using(String string) {
    // Write code here that turns the phrase above into concrete actions
    throw new io.cucumber.java.PendingException();
}

at ✽.user gets data using "TC_01"(file:///D:/eclipse-workspace/vinothqaacademy/src/test/resources/features/regformfill.feature:5)
]]>
    </error>
  </testcase> <!-- runScenario -->
  <testcase classname="Runners.TestRunner" name="runScenario" time="0.024">
    <error message="The step &#039;user gets data using &quot;TC_02&quot;&#039; is undefined.
You can implement this step using the snippet(s) below:

@When(&quot;user gets data using {string}&quot;)
public void user_gets_data_using(String string) {
    // Write code here that turns the phrase above into concrete actions
    throw new io.cucumber.java.PendingException();
}
" type="io.cucumber.testng.UndefinedStepException">
      <![CDATA[io.cucumber.testng.UndefinedStepException: The step 'user gets data using "TC_02"' is undefined.
You can implement this step using the snippet(s) below:

@When("user gets data using {string}")
public void user_gets_data_using(String string) {
    // Write code here that turns the phrase above into concrete actions
    throw new io.cucumber.java.PendingException();
}

at ✽.user gets data using "TC_02"(file:///D:/eclipse-workspace/vinothqaacademy/src/test/resources/features/regformfill.feature:5)
]]>
    </error>
  </testcase> <!-- runScenario -->
</testsuite> <!-- Runners.TestRunner -->
