<?xml version="1.0" encoding="UTF-8"?>
<!-- Generated by org.testng.reporters.JUnitReportReporter -->
<testsuite hostname="santhoshkumar" failures="0" tests="4" name="testCases.RegistrationFormTescases" time="66.552" errors="0" timestamp="2026-05-08T12:02:55 IST" skipped="0">
  <testcase classname="testCases.RegistrationFormTescases" name="regFormFunctions" time="18.082"/>
  <testcase classname="testCases.RegistrationFormTescases" name="regFormFunctions" time="14.822"/>
  <testcase classname="testCases.RegistrationFormTescases" name="regFormFunctions" time="15.569"/>
  <testcase classname="testCases.RegistrationFormTescases" name="regFormFunctions" time="18.079"/>
</testsuite> <!-- testCases.RegistrationFormTescases -->
