<?xml version="1.0" encoding="UTF-8"?>
<!-- Generated by org.testng.reporters.JUnitReportReporter -->
<testsuite hostname="santhoshkumar" failures="0" tests="7" name="testCases.PatientFormTestcases" time="418.884" errors="0" timestamp="2026-05-23T00:42:25 IST" skipped="0">
  <testcase classname="testCases.PatientFormTestcases" name="healthCareActions" time="57.356"/>
  <testcase classname="testCases.PatientFormTestcases" name="healthCareActions" time="80.772"/>
  <testcase classname="testCases.PatientFormTestcases" name="healthCareActions" time="67.943"/>
  <testcase classname="testCases.PatientFormTestcases" name="healthCareActions" time="56.722"/>
  <testcase classname="testCases.PatientFormTestcases" name="healthCareActions" time="58.175"/>
  <testcase classname="testCases.PatientFormTestcases" name="healthCareActions" time="41.704"/>
  <testcase classname="testCases.PatientFormTestcases" name="healthCareActions" time="56.212"/>
</testsuite> <!-- testCases.PatientFormTestcases -->
