<?xml version="1.0" encoding="UTF-8"?>
<!-- Generated by org.testng.reporters.JUnitXMLReporter -->
<testsuite ignored="1" hostname="santhoshkumar" failures="1" tests="4" name="Medpt Smoke Test cases" time="212.791" errors="0" timestamp="2026-04-23T21:47:01 IST">
  <testcase classname="testPages.LoginToMedptAccount" name="loginPage" time="36.967"/>
  <testcase classname="testPages.LoginToMedptAccount" name="switchToNewTab" time="8.303"/>
  <testcase classname="testPages.LoginToMedptAccount" name="switchToOldTab" time="3.551"/>
  <testcase classname="testPages.LoginToMedptAccount" name="trialPort" time="163.809">
    <failure type="org.openqa.selenium.TimeoutException" message="Expected condition failed: waiting for element found by By.xpath: //table[@id=&amp;apos;MainContent_gvFiles&amp;apos;]//tbody//tr//td//a[@id=&amp;apos;MainContent_gvFiles_lnkTitle_0&amp;apos;] to be clickable, but the element was not found: org.openqa.selenium.NoSuchElementException: no such element: Unable to locate element: {&amp;quot;method&amp;quot;:&amp;quot;xpath&amp;quot;,&amp;quot;selector&amp;quot;:&amp;quot;//table[@id=&amp;apos;MainContent_gvFiles&amp;apos;]//tbody//tr//td//a[@id=&amp;apos;MainContent_gvFiles_lnkTitle_0&amp;apos;]&amp;quot;}.
(tried for 100 seconds with 500 milliseconds interval)
Build info: version: &amp;apos;4.41.0&amp;apos;, revision: &amp;apos;9fc754f&amp;apos;
System info: os.name: &amp;apos;Windows 10&amp;apos;, os.arch: &amp;apos;amd64&amp;apos;, os.version: &amp;apos;10.0&amp;apos;, java.version: &amp;apos;21.0.9&amp;apos;
Driver info: org.openqa.selenium.chrome.ChromeDriver
Capabilities {acceptInsecureCerts: false, browserName: chrome, browserVersion: 147.0.7727.103, chrome: {chromedriverVersion: 147.0.7727.117 (474cc805edd..., userDataDir: C:\Users\santhosh\AppData\L...}, fedcm:accounts: true, goog:chromeOptions: {debuggerAddress: localhost:57668}, goog:processID: 58400, networkConnectionEnabled: false, pageLoadStrategy: normal, platformName: windows, proxy: Proxy(), se:cdp: ws://localhost:57668/devtoo..., se:cdpVersion: 147.0.7727.103, setWindowRect: true, strictFileInteractability: false, timeouts: {implicit: 0, pageLoad: 300000, script: 30000}, unhandledPromptBehavior: dismiss and notify, webauthn:extension:credBlob: true, webauthn:extension:largeBlob: true, webauthn:extension:minPinLength: true, webauthn:extension:prf: true, webauthn:virtualAuthenticators: true}
Session ID: f9edf3b3ccf440e37121c72d9c4acbb6">
      <![CDATA[org.openqa.selenium.TimeoutException: Expected condition failed: waiting for element found by By.xpath: //table[@id='MainContent_gvFiles']//tbody//tr//td//a[@id='MainContent_gvFiles_lnkTitle_0'] to be clickable, but the element was not found: org.openqa.selenium.NoSuchElementException: no such element: Unable to locate element: {"method":"xpath","selector":"//table[@id='MainContent_gvFiles']//tbody//tr//td//a[@id='MainContent_gvFiles_lnkTitle_0']"}.
(tried for 100 seconds with 500 milliseconds interval)
Build info: version: '4.41.0', revision: '9fc754f'
System info: os.name: 'Windows 10', os.arch: 'amd64', os.version: '10.0', java.version: '21.0.9'
Driver info: org.openqa.selenium.chrome.ChromeDriver
Capabilities {acceptInsecureCerts: false, browserName: chrome, browserVersion: 147.0.7727.103, chrome: {chromedriverVersion: 147.0.7727.117 (474cc805edd..., userDataDir: C:\Users\santhosh\AppData\L...}, fedcm:accounts: true, goog:chromeOptions: {debuggerAddress: localhost:57668}, goog:processID: 58400, networkConnectionEnabled: false, pageLoadStrategy: normal, platformName: windows, proxy: Proxy(), se:cdp: ws://localhost:57668/devtoo..., se:cdpVersion: 147.0.7727.103, setWindowRect: true, strictFileInteractability: false, timeouts: {implicit: 0, pageLoad: 300000, script: 30000}, unhandledPromptBehavior: dismiss and notify, webauthn:extension:credBlob: true, webauthn:extension:largeBlob: true, webauthn:extension:minPinLength: true, webauthn:extension:prf: true, webauthn:virtualAuthenticators: true}
Session ID: f9edf3b3ccf440e37121c72d9c4acbb6
at org.openqa.selenium.support.ui.WebDriverWait.timeoutException(WebDriverWait.java:85)
at org.openqa.selenium.support.ui.FluentWait.until(FluentWait.java:233)
at testPages.LoginToMedptAccount.trialPort(LoginToMedptAccount.java:434)
at java.base/java.util.ArrayList.forEach(ArrayList.java:1596)
... Removed 25 stack frames]]>
    </failure>
  </testcase> <!-- trialPort -->
  <testcase classname="testPages.LoginToMedptAccount" name="safetyRerportsPage" time="0.0">
    <ignored/>
  </testcase> <!-- safetyRerportsPage -->
</testsuite> <!-- Medpt Smoke Test cases -->
