<?xml version="1.0" encoding="UTF-8"?>
<!-- Generated by org.testng.reporters.JUnitXMLReporter -->
<testsuite ignored="0" hostname="santhoshkumar" failures="7" tests="7" name="firefox test cases" time="0.175" errors="0" timestamp="2026-06-08T09:48:42 IST">
  <testcase classname="testCases.PatientFormTestcases" name="healthCareActions" time="0.003">
    <failure type="java.lang.NullPointerException" message="Cannot invoke &amp;quot;org.openqa.selenium.support.ui.WebDriverWait.until(java.util.function.Function)&amp;quot; because &amp;quot;this.explicitWait&amp;quot; is null">
      <![CDATA[java.lang.NullPointerException: Cannot invoke "org.openqa.selenium.support.ui.WebDriverWait.until(java.util.function.Function)" because "this.explicitWait" is null
at basePackage.BaseClass.sendKeys(BaseClass.java:201)
at testPages.HealthCareDemo.enterPatientName(HealthCareDemo.java:20)
at testPages.HealthCareDemo.healthcareActions(HealthCareDemo.java:58)
at testCases.PatientFormTestcases.healthCareActions(PatientFormTestcases.java:29)
at java.base/java.util.concurrent.Executors$RunnableAdapter.call(Executors.java:539)
at java.base/java.util.concurrent.FutureTask.run(FutureTask.java:264)
at java.base/java.util.concurrent.ThreadPoolExecutor.runWorker(ThreadPoolExecutor.java:1136)
at java.base/java.util.concurrent.ThreadPoolExecutor$Worker.run(ThreadPoolExecutor.java:635)
at java.base/java.lang.Thread.run(Thread.java:842)
... Removed 13 stack frames]]>
    </failure>
  </testcase> <!-- healthCareActions -->
  <testcase classname="testCases.PatientFormTestcases" name="healthCareActions" time="0.004">
    <failure type="java.lang.NullPointerException" message="Cannot invoke &amp;quot;org.openqa.selenium.support.ui.WebDriverWait.until(java.util.function.Function)&amp;quot; because &amp;quot;this.explicitWait&amp;quot; is null">
      <![CDATA[java.lang.NullPointerException: Cannot invoke "org.openqa.selenium.support.ui.WebDriverWait.until(java.util.function.Function)" because "this.explicitWait" is null
at basePackage.BaseClass.sendKeys(BaseClass.java:201)
at testPages.HealthCareDemo.enterPatientName(HealthCareDemo.java:20)
at testPages.HealthCareDemo.healthcareActions(HealthCareDemo.java:58)
at testCases.PatientFormTestcases.healthCareActions(PatientFormTestcases.java:29)
at java.base/java.util.concurrent.Executors$RunnableAdapter.call(Executors.java:539)
at java.base/java.util.concurrent.FutureTask.run(FutureTask.java:264)
at java.base/java.util.concurrent.ThreadPoolExecutor.runWorker(ThreadPoolExecutor.java:1136)
at java.base/java.util.concurrent.ThreadPoolExecutor$Worker.run(ThreadPoolExecutor.java:635)
at java.base/java.lang.Thread.run(Thread.java:842)
... Removed 13 stack frames]]>
    </failure>
  </testcase> <!-- healthCareActions -->
  <testcase classname="testCases.PatientFormTestcases" name="healthCareActions" time="0.01">
    <failure type="java.lang.NullPointerException" message="Cannot invoke &amp;quot;org.openqa.selenium.support.ui.WebDriverWait.until(java.util.function.Function)&amp;quot; because &amp;quot;this.explicitWait&amp;quot; is null">
      <![CDATA[java.lang.NullPointerException: Cannot invoke "org.openqa.selenium.support.ui.WebDriverWait.until(java.util.function.Function)" because "this.explicitWait" is null
at basePackage.BaseClass.sendKeys(BaseClass.java:201)
at testPages.HealthCareDemo.enterPatientName(HealthCareDemo.java:20)
at testPages.HealthCareDemo.healthcareActions(HealthCareDemo.java:58)
at testCases.PatientFormTestcases.healthCareActions(PatientFormTestcases.java:29)
at java.base/java.util.concurrent.Executors$RunnableAdapter.call(Executors.java:539)
at java.base/java.util.concurrent.FutureTask.run(FutureTask.java:264)
at java.base/java.util.concurrent.ThreadPoolExecutor.runWorker(ThreadPoolExecutor.java:1136)
at java.base/java.util.concurrent.ThreadPoolExecutor$Worker.run(ThreadPoolExecutor.java:635)
at java.base/java.lang.Thread.run(Thread.java:842)
... Removed 13 stack frames]]>
    </failure>
  </testcase> <!-- healthCareActions -->
  <testcase classname="testCases.PatientFormTestcases" name="healthCareActions" time="0.002">
    <failure type="java.lang.NullPointerException" message="Cannot invoke &amp;quot;org.openqa.selenium.support.ui.WebDriverWait.until(java.util.function.Function)&amp;quot; because &amp;quot;this.explicitWait&amp;quot; is null">
      <![CDATA[java.lang.NullPointerException: Cannot invoke "org.openqa.selenium.support.ui.WebDriverWait.until(java.util.function.Function)" because "this.explicitWait" is null
at basePackage.BaseClass.sendKeys(BaseClass.java:201)
at testPages.HealthCareDemo.enterPatientName(HealthCareDemo.java:20)
at testPages.HealthCareDemo.healthcareActions(HealthCareDemo.java:58)
at testCases.PatientFormTestcases.healthCareActions(PatientFormTestcases.java:29)
at java.base/java.util.concurrent.Executors$RunnableAdapter.call(Executors.java:539)
at java.base/java.util.concurrent.FutureTask.run(FutureTask.java:264)
at java.base/java.util.concurrent.ThreadPoolExecutor.runWorker(ThreadPoolExecutor.java:1136)
at java.base/java.util.concurrent.ThreadPoolExecutor$Worker.run(ThreadPoolExecutor.java:635)
at java.base/java.lang.Thread.run(Thread.java:842)
... Removed 13 stack frames]]>
    </failure>
  </testcase> <!-- healthCareActions -->
  <testcase classname="testCases.PatientFormTestcases" name="healthCareActions" time="0.002">
    <failure type="java.lang.NullPointerException" message="Cannot invoke &amp;quot;org.openqa.selenium.support.ui.WebDriverWait.until(java.util.function.Function)&amp;quot; because &amp;quot;this.explicitWait&amp;quot; is null">
      <![CDATA[java.lang.NullPointerException: Cannot invoke "org.openqa.selenium.support.ui.WebDriverWait.until(java.util.function.Function)" because "this.explicitWait" is null
at basePackage.BaseClass.sendKeys(BaseClass.java:201)
at testPages.HealthCareDemo.enterPatientName(HealthCareDemo.java:20)
at testPages.HealthCareDemo.healthcareActions(HealthCareDemo.java:58)
at testCases.PatientFormTestcases.healthCareActions(PatientFormTestcases.java:29)
at java.base/java.util.concurrent.Executors$RunnableAdapter.call(Executors.java:539)
at java.base/java.util.concurrent.FutureTask.run(FutureTask.java:264)
at java.base/java.util.concurrent.ThreadPoolExecutor.runWorker(ThreadPoolExecutor.java:1136)
at java.base/java.util.concurrent.ThreadPoolExecutor$Worker.run(ThreadPoolExecutor.java:635)
at java.base/java.lang.Thread.run(Thread.java:842)
... Removed 13 stack frames]]>
    </failure>
  </testcase> <!-- healthCareActions -->
  <testcase classname="testCases.PatientFormTestcases" name="healthCareActions" time="0.002">
    <failure type="java.lang.NullPointerException" message="Cannot invoke &amp;quot;org.openqa.selenium.support.ui.WebDriverWait.until(java.util.function.Function)&amp;quot; because &amp;quot;this.explicitWait&amp;quot; is null">
      <![CDATA[java.lang.NullPointerException: Cannot invoke "org.openqa.selenium.support.ui.WebDriverWait.until(java.util.function.Function)" because "this.explicitWait" is null
at basePackage.BaseClass.sendKeys(BaseClass.java:201)
at testPages.HealthCareDemo.enterPatientName(HealthCareDemo.java:20)
at testPages.HealthCareDemo.healthcareActions(HealthCareDemo.java:58)
at testCases.PatientFormTestcases.healthCareActions(PatientFormTestcases.java:29)
at java.base/java.util.concurrent.Executors$RunnableAdapter.call(Executors.java:539)
at java.base/java.util.concurrent.FutureTask.run(FutureTask.java:264)
at java.base/java.util.concurrent.ThreadPoolExecutor.runWorker(ThreadPoolExecutor.java:1136)
at java.base/java.util.concurrent.ThreadPoolExecutor$Worker.run(ThreadPoolExecutor.java:635)
at java.base/java.lang.Thread.run(Thread.java:842)
... Removed 13 stack frames]]>
    </failure>
  </testcase> <!-- healthCareActions -->
  <testcase classname="testCases.PatientFormTestcases" name="healthCareActions" time="0.005">
    <failure type="java.lang.NullPointerException" message="Cannot invoke &amp;quot;org.openqa.selenium.support.ui.WebDriverWait.until(java.util.function.Function)&amp;quot; because &amp;quot;this.explicitWait&amp;quot; is null">
      <![CDATA[java.lang.NullPointerException: Cannot invoke "org.openqa.selenium.support.ui.WebDriverWait.until(java.util.function.Function)" because "this.explicitWait" is null
at basePackage.BaseClass.sendKeys(BaseClass.java:201)
at testPages.HealthCareDemo.enterPatientName(HealthCareDemo.java:20)
at testPages.HealthCareDemo.healthcareActions(HealthCareDemo.java:58)
at testCases.PatientFormTestcases.healthCareActions(PatientFormTestcases.java:29)
at java.base/java.util.concurrent.Executors$RunnableAdapter.call(Executors.java:539)
at java.base/java.util.concurrent.FutureTask.run(FutureTask.java:264)
at java.base/java.util.concurrent.ThreadPoolExecutor.runWorker(ThreadPoolExecutor.java:1136)
at java.base/java.util.concurrent.ThreadPoolExecutor$Worker.run(ThreadPoolExecutor.java:635)
at java.base/java.lang.Thread.run(Thread.java:842)
... Removed 13 stack frames]]>
    </failure>
  </testcase> <!-- healthCareActions -->
</testsuite> <!-- firefox test cases -->
